<?xml version="1.0" encoding="UTF-8"?>
<testsuite name="Weekday"
           tests="5"
           failures="0"
           errors="0"
           skipped="0"
           time="3.964">
  <properties />
  
  
            <testcase name="adminLogin" time="0.836" classname="com.util.WeekEnd" />
                <testcase name="getCarInfo" time="1.593" classname="com.util.WeekEnd" />
                <testcase name="userLogin" time="0.123" classname="com.util.WeekEnd" />
                <testcase name="book" time="1.259" classname="com.util.WeekEnd" />
                <testcase name="getPriceInfoWeekday" time="0.153" classname="com.util.WeekEnd" />
      
</testsuite>
