<?xml version="1.0" encoding="UTF-8"?>
<testsuite name="WeekdayAutomation"
           tests="5"
           failures="0"
           errors="0"
           skipped="0"
           time="3.819">
  <properties />
  
  
            <testcase name="getCarInfo" time="0.450" classname="com.util.WeekDay" />
                <testcase name="userLogin" time="0.066" classname="com.util.WeekDay" />
                <testcase name="getPriceInfoWeekday" time="0.109" classname="com.util.WeekDay" />
                <testcase name="book" time="2.306" classname="com.util.WeekDay" />
                <testcase name="main" time="0.888" classname="com.util.WeekDay" />
      
</testsuite>
