<?xml version="1.0" encoding="UTF-8"?>
<testsuite name="WeekendAutomation"
           tests="12"
           failures="0"
           errors="0"
           skipped="0"
           time="10.896">
  <properties />
  
  
            <testcase name="userLogin" time="0.092" classname="com.util.WeekEnd" />
                <testcase name="getCarModifyInfo_1" time="0.256" classname="com.util.WeekEnd" />
                <testcase name="getCarModifyInfo" time="0.255" classname="com.util.WeekEnd" />
                <testcase name="adminLogin" time="0.689" classname="com.util.WeekEnd" />
                <testcase name="getPriceInfoModifyWeekend" time="0.102" classname="com.util.WeekEnd" />
                <testcase name="modifyBookingWeekend" time="1.788" classname="com.util.WeekEnd" />
                <testcase name="book" time="1.289" classname="com.util.WeekEnd" />
                <testcase name="getPriceInfoModifyWeekend_1" time="0.109" classname="com.util.WeekEnd" />
                <testcase name="getCarInfo" time="0.447" classname="com.util.WeekEnd" />
                <testcase name="modifyBooking_1" time="1.746" classname="com.util.WeekEnd" />
                <testcase name="getPriceInfoWeekday" time="0.112" classname="com.util.WeekEnd" />
                <testcase name="weekendCancelBooking" time="4.011" classname="com.util.WeekEnd" />
      
</testsuite>
