<?xml version="1.0" encoding="UTF-8"?>
<testsuite name="Weekday"
           tests="5"
           failures="0"
           errors="0"
           skipped="0"
           time="7.354">
  <properties />
  
  
            <testcase name="book" time="3.323" classname="com.revv.util.weekEnd" />
                <testcase name="getCarInfo" time="0.780" classname="com.revv.util.weekEnd" />
                <testcase name="userLogin" time="0.068" classname="com.revv.util.weekEnd" />
                <testcase name="adminLogin" time="3.077" classname="com.revv.util.weekEnd" />
                <testcase name="getPriceInfoWeekday" time="0.106" classname="com.revv.util.weekEnd" />
      
</testsuite>
