<?xml version="1.0" encoding="UTF-8"?>
<testsuite name="Weekday"
           tests="4"
           failures="0"
           errors="0"
           skipped="0"
           time="15.062">
  <properties />
  
  
            <testcase name="getPriceInfo" time="0.526" classname="com.revv.util.weekDay" />
                <testcase name="bookAPI" time="3.669" classname="com.revv.util.weekDay" />
                <testcase name="getCarInfo" time="1.353" classname="com.revv.util.weekDay" />
                <testcase name="PostRESTAPI" time="9.514" classname="com.revv.util.weekDay" />
      
</testsuite>
