<?xml version="1.0" encoding="UTF-8"?>
<testsuite name="WeekdayAutomation"
           tests="9"
           failures="6"
           errors="0"
           skipped="0"
           time="1.727">
  <properties />
            <testcase name="book" time="0.001" classname="com.util.WeekEnd">
                <failure type="java.lang.IllegalStateException"
                  message="Invalid use of BasicClientConnManager: connection still allocated.
Make sure to release the connection before allocating another one."
              >
<![CDATA[java.lang.IllegalStateException: Invalid use of BasicClientConnManager: connection still allocated.
Make sure to release the connection before allocating another one.
  org.apache.http.util.Asserts.check(Asserts.java:34)
  org.apache.http.impl.conn.BasicClientConnectionManager.getConnection(BasicClientConnectionManager.java:160)
  org.apache.http.impl.conn.BasicClientConnectionManager$1.getConnection(BasicClientConnectionManager.java:142)
  org.apache.http.impl.client.DefaultRequestDirector.execute(DefaultRequestDirector.java:423)
  org.apache.http.impl.client.AbstractHttpClient.doExecute(AbstractHttpClient.java:863)
  org.apache.http.impl.client.CloseableHttpClient.execute(CloseableHttpClient.java:82)
  org.apache.http.impl.client.CloseableHttpClient.execute(CloseableHttpClient.java:106)
  com.util.WeekEnd.book(WeekEnd.java:265)
  sun.reflect.NativeMethodAccessorImpl.invoke0(Native Method)
  sun.reflect.NativeMethodAccessorImpl.invoke(NativeMethodAccessorImpl.java:62)
  sun.reflect.DelegatingMethodAccessorImpl.invoke(DelegatingMethodAccessorImpl.java:43)
  java.lang.reflect.Method.invoke(Method.java:497)
  org.testng.internal.MethodInvocationHelper.invokeMethod(MethodInvocationHelper.java:80)
  org.testng.internal.Invoker.invokeMethod(Invoker.java:714)
  org.testng.internal.Invoker.invokeTestMethod(Invoker.java:901)
  org.testng.internal.Invoker.invokeTestMethods(Invoker.java:1231)
  org.testng.internal.TestMethodWorker.invokeTestMethods(TestMethodWorker.java:127)
  org.testng.internal.TestMethodWorker.run(TestMethodWorker.java:111)
  java.util.concurrent.ThreadPoolExecutor.runWorker(ThreadPoolExecutor.java:1142)
  java.util.concurrent.ThreadPoolExecutor$Worker.run(ThreadPoolExecutor.java:617)
  java.lang.Thread.run(Thread.java:745)
]]>
      </failure>

          </testcase>
            <testcase name="getCarModifyInfo" time="0.001" classname="com.util.WeekEnd">
                <failure type="java.lang.IllegalStateException"
                  message="Invalid use of BasicClientConnManager: connection still allocated.
Make sure to release the connection before allocating another one."
              >
<![CDATA[java.lang.IllegalStateException: Invalid use of BasicClientConnManager: connection still allocated.
Make sure to release the connection before allocating another one.
  org.apache.http.util.Asserts.check(Asserts.java:34)
  org.apache.http.impl.conn.BasicClientConnectionManager.getConnection(BasicClientConnectionManager.java:160)
  org.apache.http.impl.conn.BasicClientConnectionManager$1.getConnection(BasicClientConnectionManager.java:142)
  org.apache.http.impl.client.DefaultRequestDirector.execute(DefaultRequestDirector.java:423)
  org.apache.http.impl.client.AbstractHttpClient.doExecute(AbstractHttpClient.java:863)
  org.apache.http.impl.client.CloseableHttpClient.execute(CloseableHttpClient.java:82)
  org.apache.http.impl.client.CloseableHttpClient.execute(CloseableHttpClient.java:106)
  com.util.WeekEnd.getCarModifyInfo(WeekEnd.java:305)
  sun.reflect.NativeMethodAccessorImpl.invoke0(Native Method)
  sun.reflect.NativeMethodAccessorImpl.invoke(NativeMethodAccessorImpl.java:62)
  sun.reflect.DelegatingMethodAccessorImpl.invoke(DelegatingMethodAccessorImpl.java:43)
  java.lang.reflect.Method.invoke(Method.java:497)
  org.testng.internal.MethodInvocationHelper.invokeMethod(MethodInvocationHelper.java:80)
  org.testng.internal.Invoker.invokeMethod(Invoker.java:714)
  org.testng.internal.Invoker.invokeTestMethod(Invoker.java:901)
  org.testng.internal.Invoker.invokeTestMethods(Invoker.java:1231)
  org.testng.internal.TestMethodWorker.invokeTestMethods(TestMethodWorker.java:127)
  org.testng.internal.TestMethodWorker.run(TestMethodWorker.java:111)
  java.util.concurrent.ThreadPoolExecutor.runWorker(ThreadPoolExecutor.java:1142)
  java.util.concurrent.ThreadPoolExecutor$Worker.run(ThreadPoolExecutor.java:617)
  java.lang.Thread.run(Thread.java:745)
]]>
      </failure>

          </testcase>
            <testcase name="getPriceInfoModifyWeekend" time="0.001" classname="com.util.WeekEnd">
                <failure type="java.lang.IllegalStateException"
                  message="Invalid use of BasicClientConnManager: connection still allocated.
Make sure to release the connection before allocating another one."
              >
<![CDATA[java.lang.IllegalStateException: Invalid use of BasicClientConnManager: connection still allocated.
Make sure to release the connection before allocating another one.
  org.apache.http.util.Asserts.check(Asserts.java:34)
  org.apache.http.impl.conn.BasicClientConnectionManager.getConnection(BasicClientConnectionManager.java:160)
  org.apache.http.impl.conn.BasicClientConnectionManager$1.getConnection(BasicClientConnectionManager.java:142)
  org.apache.http.impl.client.DefaultRequestDirector.execute(DefaultRequestDirector.java:423)
  org.apache.http.impl.client.AbstractHttpClient.doExecute(AbstractHttpClient.java:863)
  org.apache.http.impl.client.CloseableHttpClient.execute(CloseableHttpClient.java:82)
  org.apache.http.impl.client.CloseableHttpClient.execute(CloseableHttpClient.java:106)
  com.util.WeekEnd.getPriceInfoModifyWeekend(WeekEnd.java:377)
  sun.reflect.NativeMethodAccessorImpl.invoke0(Native Method)
  sun.reflect.NativeMethodAccessorImpl.invoke(NativeMethodAccessorImpl.java:62)
  sun.reflect.DelegatingMethodAccessorImpl.invoke(DelegatingMethodAccessorImpl.java:43)
  java.lang.reflect.Method.invoke(Method.java:497)
  org.testng.internal.MethodInvocationHelper.invokeMethod(MethodInvocationHelper.java:80)
  org.testng.internal.Invoker.invokeMethod(Invoker.java:714)
  org.testng.internal.Invoker.invokeTestMethod(Invoker.java:901)
  org.testng.internal.Invoker.invokeTestMethods(Invoker.java:1231)
  org.testng.internal.TestMethodWorker.invokeTestMethods(TestMethodWorker.java:127)
  org.testng.internal.TestMethodWorker.run(TestMethodWorker.java:111)
  java.util.concurrent.ThreadPoolExecutor.runWorker(ThreadPoolExecutor.java:1142)
  java.util.concurrent.ThreadPoolExecutor$Worker.run(ThreadPoolExecutor.java:617)
  java.lang.Thread.run(Thread.java:745)
]]>
      </failure>

          </testcase>
            <testcase name="getPriceInfoWeekday" time="0.082" classname="com.util.WeekEnd">
                <failure type="java.lang.RuntimeException"
                  message="Failed with HTTP error code : 405"
              >
<![CDATA[java.lang.RuntimeException: Failed with HTTP error code : 405
  com.util.WeekEnd.getPriceInfoWeekday(WeekEnd.java:218)
  sun.reflect.NativeMethodAccessorImpl.invoke0(Native Method)
  sun.reflect.NativeMethodAccessorImpl.invoke(NativeMethodAccessorImpl.java:62)
  sun.reflect.DelegatingMethodAccessorImpl.invoke(DelegatingMethodAccessorImpl.java:43)
  java.lang.reflect.Method.invoke(Method.java:497)
  org.testng.internal.MethodInvocationHelper.invokeMethod(MethodInvocationHelper.java:80)
  org.testng.internal.Invoker.invokeMethod(Invoker.java:714)
  org.testng.internal.Invoker.invokeTestMethod(Invoker.java:901)
  org.testng.internal.Invoker.invokeTestMethods(Invoker.java:1231)
  org.testng.internal.TestMethodWorker.invokeTestMethods(TestMethodWorker.java:127)
  org.testng.internal.TestMethodWorker.run(TestMethodWorker.java:111)
  java.util.concurrent.ThreadPoolExecutor.runWorker(ThreadPoolExecutor.java:1142)
  java.util.concurrent.ThreadPoolExecutor$Worker.run(ThreadPoolExecutor.java:617)
  java.lang.Thread.run(Thread.java:745)
]]>
      </failure>

          </testcase>
            <testcase name="weekendCancelBooking" time="0.001" classname="com.util.WeekEnd">
                <failure type="java.lang.IllegalStateException"
                  message="Invalid use of BasicClientConnManager: connection still allocated.
Make sure to release the connection before allocating another one."
              >
<![CDATA[java.lang.IllegalStateException: Invalid use of BasicClientConnManager: connection still allocated.
Make sure to release the connection before allocating another one.
  org.apache.http.util.Asserts.check(Asserts.java:34)
  org.apache.http.impl.conn.BasicClientConnectionManager.getConnection(BasicClientConnectionManager.java:160)
  org.apache.http.impl.conn.BasicClientConnectionManager$1.getConnection(BasicClientConnectionManager.java:142)
  org.apache.http.impl.client.DefaultRequestDirector.execute(DefaultRequestDirector.java:423)
  org.apache.http.impl.client.AbstractHttpClient.doExecute(AbstractHttpClient.java:863)
  org.apache.http.impl.client.CloseableHttpClient.execute(CloseableHttpClient.java:82)
  org.apache.http.impl.client.CloseableHttpClient.execute(CloseableHttpClient.java:106)
  com.util.WeekEnd.weekendCancelBooking(WeekEnd.java:469)
  sun.reflect.NativeMethodAccessorImpl.invoke0(Native Method)
  sun.reflect.NativeMethodAccessorImpl.invoke(NativeMethodAccessorImpl.java:62)
  sun.reflect.DelegatingMethodAccessorImpl.invoke(DelegatingMethodAccessorImpl.java:43)
  java.lang.reflect.Method.invoke(Method.java:497)
  org.testng.internal.MethodInvocationHelper.invokeMethod(MethodInvocationHelper.java:80)
  org.testng.internal.Invoker.invokeMethod(Invoker.java:714)
  org.testng.internal.Invoker.invokeTestMethod(Invoker.java:901)
  org.testng.internal.Invoker.invokeTestMethods(Invoker.java:1231)
  org.testng.internal.TestMethodWorker.invokeTestMethods(TestMethodWorker.java:127)
  org.testng.internal.TestMethodWorker.run(TestMethodWorker.java:111)
  java.util.concurrent.ThreadPoolExecutor.runWorker(ThreadPoolExecutor.java:1142)
  java.util.concurrent.ThreadPoolExecutor$Worker.run(ThreadPoolExecutor.java:617)
  java.lang.Thread.run(Thread.java:745)
]]>
      </failure>

          </testcase>
            <testcase name="modifyBookingWeekend" time="0.002" classname="com.util.WeekEnd">
                <failure type="java.lang.IllegalStateException"
                  message="Invalid use of BasicClientConnManager: connection still allocated.
Make sure to release the connection before allocating another one."
              >
<![CDATA[java.lang.IllegalStateException: Invalid use of BasicClientConnManager: connection still allocated.
Make sure to release the connection before allocating another one.
  org.apache.http.util.Asserts.check(Asserts.java:34)
  org.apache.http.impl.conn.BasicClientConnectionManager.getConnection(BasicClientConnectionManager.java:160)
  org.apache.http.impl.conn.BasicClientConnectionManager$1.getConnection(BasicClientConnectionManager.java:142)
  org.apache.http.impl.client.DefaultRequestDirector.execute(DefaultRequestDirector.java:423)
  org.apache.http.impl.client.AbstractHttpClient.doExecute(AbstractHttpClient.java:863)
  org.apache.http.impl.client.CloseableHttpClient.execute(CloseableHttpClient.java:82)
  org.apache.http.impl.client.CloseableHttpClient.execute(CloseableHttpClient.java:106)
  com.util.WeekEnd.modifyBookingWeekend(WeekEnd.java:429)
  sun.reflect.NativeMethodAccessorImpl.invoke0(Native Method)
  sun.reflect.NativeMethodAccessorImpl.invoke(NativeMethodAccessorImpl.java:62)
  sun.reflect.DelegatingMethodAccessorImpl.invoke(DelegatingMethodAccessorImpl.java:43)
  java.lang.reflect.Method.invoke(Method.java:497)
  org.testng.internal.MethodInvocationHelper.invokeMethod(MethodInvocationHelper.java:80)
  org.testng.internal.Invoker.invokeMethod(Invoker.java:714)
  org.testng.internal.Invoker.invokeTestMethod(Invoker.java:901)
  org.testng.internal.Invoker.invokeTestMethods(Invoker.java:1231)
  org.testng.internal.TestMethodWorker.invokeTestMethods(TestMethodWorker.java:127)
  org.testng.internal.TestMethodWorker.run(TestMethodWorker.java:111)
  java.util.concurrent.ThreadPoolExecutor.runWorker(ThreadPoolExecutor.java:1142)
  java.util.concurrent.ThreadPoolExecutor$Worker.run(ThreadPoolExecutor.java:617)
  java.lang.Thread.run(Thread.java:745)
]]>
      </failure>

          </testcase>
  
  
            <testcase name="userLogin" time="0.061" classname="com.util.WeekEnd" />
                <testcase name="getCarInfo" time="1.017" classname="com.util.WeekEnd" />
                <testcase name="adminLogin" time="0.561" classname="com.util.WeekEnd" />
      
</testsuite>
