<?xml version="1.0" encoding="UTF-8"?>
<testsuite name="PeakSeasonAutomation"
           tests="12"
           failures="0"
           errors="0"
           skipped="0"
           time="11.965">
  <properties />
  
  
            <testcase name="getPriceInfoModifyPeak" time="0.098" classname="com.util.PeakSeason" />
                <testcase name="getPriceInfoWeekday" time="0.104" classname="com.util.PeakSeason" />
                <testcase name="adminLogin" time="0.859" classname="com.util.PeakSeason" />
                <testcase name="peakCancelBooking" time="4.072" classname="com.util.PeakSeason" />
                <testcase name="getCarModifyInfo_1" time="0.272" classname="com.util.PeakSeason" />
                <testcase name="getPriceInfoModifyWeekend_1" time="0.102" classname="com.util.PeakSeason" />
                <testcase name="book" time="1.722" classname="com.util.PeakSeason" />
                <testcase name="modifyBooking_1" time="1.875" classname="com.util.PeakSeason" />
                <testcase name="getCarInfo" time="0.642" classname="com.util.PeakSeason" />
                <testcase name="getCarModifyInfo" time="0.266" classname="com.util.PeakSeason" />
                <testcase name="modifyBooking" time="1.891" classname="com.util.PeakSeason" />
                <testcase name="userLogin" time="0.062" classname="com.util.PeakSeason" />
      
</testsuite>
