<?xml version="1.0" encoding="UTF-8"?>
<testsuite name="Weekday"
           tests="4"
           failures="0"
           errors="0"
           skipped="0"
           time="14.055">
  <properties />
  
  
            <testcase name="getCarInfo" time="0.379" classname="com.revv.util.peakSeason" />
                <testcase name="bookAPI" time="4.033" classname="com.revv.util.peakSeason" />
                <testcase name="getPriceInfo" time="2.427" classname="com.revv.util.peakSeason" />
                <testcase name="PostRESTAPI" time="7.216" classname="com.revv.util.peakSeason" />
      
</testsuite>
