<?xml version="1.0" encoding="UTF-8"?>
<testsuite name="WeekdayAutomation"
           tests="9"
           failures="1"
           errors="0"
           skipped="0"
           time="6.521">
  <properties />
            <testcase name="peakCancelBooking" time="1.044" classname="com.util.PeakSeason">
                <failure type="java.lang.RuntimeException"
                  message="Failed with HTTP error code : 401"
              >
<![CDATA[java.lang.RuntimeException: Failed with HTTP error code : 401
  com.util.PeakSeason.peakCancelBooking(PeakSeason.java:476)
  sun.reflect.NativeMethodAccessorImpl.invoke0(Native Method)
  sun.reflect.NativeMethodAccessorImpl.invoke(NativeMethodAccessorImpl.java:62)
  sun.reflect.DelegatingMethodAccessorImpl.invoke(DelegatingMethodAccessorImpl.java:43)
  java.lang.reflect.Method.invoke(Method.java:497)
  org.testng.internal.MethodInvocationHelper.invokeMethod(MethodInvocationHelper.java:80)
  org.testng.internal.Invoker.invokeMethod(Invoker.java:714)
  org.testng.internal.Invoker.invokeTestMethod(Invoker.java:901)
  org.testng.internal.Invoker.invokeTestMethods(Invoker.java:1231)
  org.testng.internal.TestMethodWorker.invokeTestMethods(TestMethodWorker.java:127)
  org.testng.internal.TestMethodWorker.run(TestMethodWorker.java:111)
  java.util.concurrent.ThreadPoolExecutor.runWorker(ThreadPoolExecutor.java:1142)
  java.util.concurrent.ThreadPoolExecutor$Worker.run(ThreadPoolExecutor.java:617)
  java.lang.Thread.run(Thread.java:745)
]]>
      </failure>

          </testcase>
  
  
            <testcase name="getPriceInfoWeekday" time="0.128" classname="com.util.PeakSeason" />
                <testcase name="userLogin" time="0.061" classname="com.util.PeakSeason" />
                <testcase name="getCarInfo" time="0.686" classname="com.util.PeakSeason" />
                <testcase name="book" time="1.342" classname="com.util.PeakSeason" />
                <testcase name="getPriceInfoModifyPeak" time="0.115" classname="com.util.PeakSeason" />
                <testcase name="modifyBooking" time="1.989" classname="com.util.PeakSeason" />
                <testcase name="getCarModifyInfo" time="0.296" classname="com.util.PeakSeason" />
                <testcase name="adminLogin" time="0.860" classname="com.util.PeakSeason" />
      
</testsuite>
